----------------------------------------------------------------------------
      name:  <unnamed>
       log:  C:\Users\demet\Desktop\assignment2.log
  log type:  text
 opened on:  10 Mar 2026, 17:18:45

. 
. clear

. 
. * Asymptotic distribution of IV estimates
. 
. *Here I set seed to 1000 so that the task can be replicated
. set seed 1000

. 
. *Generate exogenous regressors and instruments
. set obs 2000
Number of observations (_N) was 0, now 2,000.

. gen x1 = runiform()

. gen x2 = rnormal()

. gen z1 = runiform()*2

. gen z2 = rnormal()*2

. gen z3 = rnormal()*2

. gen z4 = rchi2(2)

. 
. *Monte Carlo simulation with different sample sizes
. foreach i of numlist 50 200 2000 {
  2. 
.         local j = 1
  3.         tempfile mc`i'
  4. 
.         while `j' <= 1000 {
  5.                 
.                 quietly {
  6.                         preserve
  7.                         
.                         *Draw a random sample of size i
.                         sample `i', count
  8.                         
.                         *Print progress indicator
.                         noisily di "." _continue
  9.                         
.                         *Generate error terms with mean zero
.                         gen e = rchi2(2)
 10.                         sum
 11.                         replace e = e - r(mean)
 12.                         
.                         gen v = rchi2(3)
 13.                         sum
 14.                         replace v = v - r(mean)
 15.                         
.                         *Generate endogenous variable
.                         gen y2 = 1 + x1 + x2 + z1 + z2 + 0.15*z3 + 0.15*z4
>  + e + v
 16.                         
.                         *Generate dependent variable
.                         gen y1 = 1 + y2 + x1 + x2 + e
 17.                         
.                         *IV regression using z1 and z2 as instruments
.                         ivregress 2sls y1 x1 x2 (y2 = z1 z2)
 18.                         matrix ivb1 = e(b)
 19.                         
.                         *IV regression using z3 and z4 as instruments
.                         ivregress 2sls y1 x1 x2 (y2 = z3 z4)
 20.                         matrix ivb2 = e(b)
 21.                         
.                         *IV regression using all instruments
.                         ivregress 2sls y1 x1 x2 (y2 = z1 z2 z3 z4)
 22.                         matrix ivb3 = e(b)
 23.                         
.                         *Convert coefficient matrices into variables
.                         svmat ivb1 , name(olsz12`i')
 24.                         svmat ivb2 , name(olsz34`i')
 25.                         svmat ivb3 , name(olsz_all`i')
 26.                         
.                         *Keep the coefficient values
.                         collapse (mean) ols*
 27.                         
.                         *Append results across simulations
.                         if `j' > 1{
 28.                                 append using `mc`i''
 29.                         }
 30.                         
.                         save `mc`i'', replace
 31.                         restore
 32.                         
.                         local j = `j' + 1
 33.                 }
 34.         }
 35.         
.         di "obs = `i' done"
 36. }
............................................................................
> ..........................................................................
> ..........................................................................
> ..........................................................................
> ..........................................................................
> ..........................................................................
> ..........................................................................
> ..........................................................................
> ..........................................................................
> ..........................................................................
> ..........................................................................
> ..........................................................................
> ..........................................................................
> ....................................obs = 50 done
............................................................................
> ..........................................................................
> ..........................................................................
> ..........................................................................
> ..........................................................................
> ..........................................................................
> ..........................................................................
> ..........................................................................
> ..........................................................................
> ..........................................................................
> ..........................................................................
> ..........................................................................
> ..........................................................................
> ....................................obs = 200 done
............................................................................
> ..........................................................................
> ..........................................................................
> ..........................................................................
> ..........................................................................
> ..........................................................................
> ..........................................................................
> ..........................................................................
> ..........................................................................
> ..........................................................................
> ..........................................................................
> ..........................................................................
> ..........................................................................
> ....................................obs = 2000 done

. 
. *Combine results for all sample sizes
. use `mc50', clear

. append using `mc200'

. append using `mc2000'

. 
. set more on

. summarize

    Variable |        Obs        Mean    Std. dev.       Min        Max
-------------+---------------------------------------------------------
   olsz12501 |      1,000    .9952777    .1766382  -1.294567   1.557659
   olsz12502 |      1,000    .9814739    1.147786  -7.433553   6.382325
   olsz12503 |      1,000    .9945987    .3581825  -.0096104   2.872683
   olsz12504 |      1,000    1.017867    .7018617  -.9547347   9.742315
   olsz34501 |      1,000    1.234845    .7022281  -5.049023   7.403533
-------------+---------------------------------------------------------
   olsz34502 |      1,000    .7607363     1.97634  -33.57408   18.45528
   olsz34503 |      1,000     .762853    .7728918   -6.27372   5.760688
   olsz34504 |      1,000     .458939    1.729681  -13.76526   14.38434
 olsz_all501 |      1,000    1.039155    .1412706   .3109296   1.588425
 olsz_all502 |      1,000    .9530739    1.052867  -2.946594   5.508269
-------------+---------------------------------------------------------
 olsz_all503 |      1,000    .9548247    .3347847  -.0095937   2.649372
 olsz_all504 |      1,000    .9114409    .5920486  -.9511157   3.657432
  olsz122001 |      1,000    .9987783    .0697933   .6727903   1.175596
  olsz122002 |      1,000    .9738142    .4769812  -.3719511   2.552491
  olsz122003 |      1,000    .9966447    .1605696   .5056369   1.611561
-------------+---------------------------------------------------------
  olsz122004 |      1,000     1.01649    .2825169   .2027551   1.953959
  olsz342001 |      1,000    1.075093    .5901456  -3.759679   9.526429
  olsz342002 |      1,000      .89045    .8264283  -7.079407   6.822084
  olsz342003 |      1,000    .9234572     .571634   -5.47472   5.131454
  olsz342004 |      1,000    .8395898    1.537182  -25.15727   12.74942
-------------+---------------------------------------------------------
olsz_all2001 |      1,000    1.007498    .0669497    .761583   1.170934
olsz_all2002 |      1,000    .9653114    .4730493  -.3840076   2.514701
olsz_all2003 |      1,000    .9884258     .158548   .5076829     1.5302
olsz_all2004 |      1,000    .9962633    .2763387   .2054832   1.946087
 olsz1220001 |      1,000    1.000305     .021908   .9223119   1.067484
-------------+---------------------------------------------------------
 olsz1220002 |      1,000    1.006568    .1568646   .5335718   1.558795
 olsz1220003 |      1,000    .9999828    .0469291   .8649349   1.152779
 olsz1220004 |      1,000     .995898    .0919933   .6642388   1.304572
 olsz3420001 |      1,000     1.00027    .1020931   .4933842   1.399126
 olsz3420002 |      1,000     1.00474    .1820838   .4293008   1.644293
-------------+---------------------------------------------------------
 olsz3420003 |      1,000    1.000114    .1096762    .612561   1.491825
 olsz3420004 |      1,000    .9969012    .2550245   .0420686   2.366355
olsz_a~20001 |      1,000    1.001136    .0214432   .9168143   1.065424
olsz_a~20002 |      1,000    1.005659    .1564717   .5338477   1.558769
olsz_a~20003 |      1,000    .9991785    .0468825   .8657981   1.155183
-------------+---------------------------------------------------------
olsz_a~20004 |      1,000    .9940121    .0917736   .6653857   1.297905

. 
. *Example: distribution of the coefficient of x1
. twoway (kdensity olsz12501, xline(1)) (kdensity olsz34501) (kdensity olsz_
> all501)

. graph export iv_N50.png, replace
(file iv_N50.png not found)
file iv_N50.png saved as PNG format

. twoway (kdensity olsz122001, xline(1)) (kdensity olsz342001) (kdensity ols
> z_all2001)

. graph export iv_N200.png, replace
(file iv_N200.png not found)
file iv_N200.png saved as PNG format

. twoway (kdensity olsz1220001, xline(1)) (kdensity olsz3420001) (kdensity o
> lsz_all20001)

. graph export iv_N2000.png, replace
(file iv_N2000.png not found)
file iv_N2000.png saved as PNG format

. 
. /*
> The graphs show how the distribution of the estimated coefficient changes 
> depending on the instruments used and the sample size. When weak instrumen
> ts (z3 and z4) are used, the estimator becomes less precise and the standa
> rd deviation increases, leading to a wider distribution. Using stronger in
> struments (z1 and z2) or all instruments produces estimates that are more 
> concentrated around the true value (β = 1). As the sample size increases, 
> the dispersion decreases and the estimates converge to the true parameter.
> */ 
. 
. *Dealing with measurment error
. 
. clear all

. 
. *Here I set seed to 1000 so that the task can be replicated
. set seed 1000

. 
. set obs 1000
Number of observations (_N) was 0, now 1,000.

. 
. gen z1 = 2*invnorm(uniform())

. gen z2 = 2*invnorm(uniform())

. 
. matrix omega=(1, 0.7 \ 0.7, 1)

. matrix list omega

symmetric omega[2,2]
    c1  c2
r1   1
r2  .7   1

. matrix L=cholesky(omega)

. matrix list L

L[2,2]
           c1         c2
r1          1          0
r2         .7  .71414284

. matrix K=L'

. mat list K

K[2,2]
           r1         r2
c1          1         .7
c2          0  .71414284

. 
. gen x1=z1*K[1,1]+z2*K[2,1]

. gen x2=z1*K[1,2]+z2*K[2,2]

. 
. *z1 and z2 are not correlated
. corr z1 z2
(obs=1,000)

             |       z1       z2
-------------+------------------
          z1 |   1.0000
          z2 |   0.0023   1.0000


. *x1 and x2 are correlated
. corr x1 x2
(obs=1,000)

             |       x1       x2
-------------+------------------
          x1 |   1.0000
          x2 |   0.7191   1.0000


. 
. *We dont observe for x2 but two proxies that have measurment error
. gen x2_e1 = x2 + 0.5*invnorm(uniform())

. gen x2_e2 = x2 + invnorm(uniform())

. 
. *Our true model is
. *y = 1 + x1 + x2 + e
. gen e = invnorm(uniform())

. gen y = 1 + x1 + x2 + e

. 
. reg y x1 x2

      Source |       SS           df       MS      Number of obs   =     1,0
> 00
-------------+----------------------------------   F(2, 997)       =   6854.
> 55
       Model |  14287.1661         2  7143.58305   Prob > F        =    0.00
> 00
    Residual |  1039.03963       997  1.04216613   R-squared       =    0.93
> 22
-------------+----------------------------------   Adj R-squared   =    0.93
> 21
       Total |  15326.2057       999  15.3415473   Root MSE        =    1.02
> 09

----------------------------------------------------------------------------
> --
           y | Coefficient  Std. err.      t    P>|t|     [95% conf. interva
> l]
-------------+--------------------------------------------------------------
> --
          x1 |   1.015654   .0225078    45.12   0.000     .9714864    1.0598
> 23
          x2 |   .9834379   .0230703    42.63   0.000      .938166     1.028
> 71
       _cons |   1.003288   .0322923    31.07   0.000     .9399196    1.0666
> 57
----------------------------------------------------------------------------
> --

. reg y x1

      Source |       SS           df       MS      Number of obs   =     1,0
> 00
-------------+----------------------------------   F(1, 998)       =   4217.
> 34
       Model |   12393.404         1   12393.404   Prob > F        =    0.00
> 00
    Residual |  2932.80169       998  2.93867904   R-squared       =    0.80
> 86
-------------+----------------------------------   Adj R-squared   =    0.80
> 84
       Total |  15326.2057       999  15.3415473   Root MSE        =    1.71
> 43

----------------------------------------------------------------------------
> --
           y | Coefficient  Std. err.      t    P>|t|     [95% conf. interva
> l]
-------------+--------------------------------------------------------------
> --
          x1 |    1.70561    .026264    64.94   0.000     1.654071    1.7571
> 49
       _cons |    .971039    .054211    17.91   0.000     .8646583     1.077
> 42
----------------------------------------------------------------------------
> --

. reg y x1 x2_e1

      Source |       SS           df       MS      Number of obs   =     1,0
> 00
-------------+----------------------------------   F(2, 997)       =   5584.
> 15
       Model |  14070.1549         2  7035.07745   Prob > F        =    0.00
> 00
    Residual |  1256.05082       997  1.25983031   R-squared       =    0.91
> 80
-------------+----------------------------------   Adj R-squared   =    0.91
> 79
       Total |  15326.2057       999  15.3415473   Root MSE        =    1.12
> 24

----------------------------------------------------------------------------
> --
           y | Coefficient  Std. err.      t    P>|t|     [95% conf. interva
> l]
-------------+--------------------------------------------------------------
> --
          x1 |   1.085249   .0241842    44.87   0.000     1.037791    1.1327
> 07
       x2_e1 |    .875274    .023992    36.48   0.000     .8281934    .92235
> 45
       _cons |   .9860964   .0354974    27.78   0.000     .9164382    1.0557
> 55
----------------------------------------------------------------------------
> --

. reg y x1 x2_e2

      Source |       SS           df       MS      Number of obs   =     1,0
> 00
-------------+----------------------------------   F(2, 997)       =   4000.
> 95
       Model |  13628.1941         2  6814.09703   Prob > F        =    0.00
> 00
    Residual |  1698.01166       997  1.70312103   R-squared       =    0.88
> 92
-------------+----------------------------------   Adj R-squared   =    0.88
> 90
       Total |  15326.2057       999  15.3415473   Root MSE        =     1.3
> 05

----------------------------------------------------------------------------
> --
           y | Coefficient  Std. err.      t    P>|t|     [95% conf. interva
> l]
-------------+--------------------------------------------------------------
> --
          x1 |   1.246347   .0262811    47.42   0.000     1.194774     1.297
> 92
       x2_e2 |   .6473872   .0240431    26.93   0.000     .6002064    .69456
> 81
       _cons |   .9432746   .0412829    22.85   0.000     .8622633    1.0242
> 86
----------------------------------------------------------------------------
> --

. reg y x1 x2_e1 x2_e2

      Source |       SS           df       MS      Number of obs   =     1,0
> 00
-------------+----------------------------------   F(3, 996)       =   3839.
> 72
       Model |  14106.4917         3  4702.16391   Prob > F        =    0.00
> 00
    Residual |  1219.71401       996  1.22461246   R-squared       =    0.92
> 04
-------------+----------------------------------   Adj R-squared   =    0.92
> 02
       Total |  15326.2057       999  15.3415473   Root MSE        =    1.10
> 66

----------------------------------------------------------------------------
> --
           y | Coefficient  Std. err.      t    P>|t|     [95% conf. interva
> l]
-------------+--------------------------------------------------------------
> --
          x1 |   1.071163   .0239836    44.66   0.000     1.024099    1.1182
> 28
       x2_e1 |   .7231866   .0365932    19.76   0.000     .6513779    .79499
> 52
       x2_e2 |   .1718037   .0315398     5.45   0.000     .1099117    .23369
> 57
       _cons |   .9761119   .0350457    27.85   0.000       .90734    1.0448
> 84
----------------------------------------------------------------------------
> --

. ivregress 2sls y x1 (x2_e1 = x2_e2)

Instrumental-variables 2SLS regression            Number of obs   =      1,0
> 00
                                                  Wald chi2(2)    =   10629.
> 32
                                                  Prob > chi2     =     0.00
> 00
                                                  R-squared       =     0.91
> 63
                                                  Root MSE        =     1.13
> 23

----------------------------------------------------------------------------
> --
           y | Coefficient  Std. err.      z    P>|z|     [95% conf. interva
> l]
-------------+--------------------------------------------------------------
> --
       x2_e1 |   .9844364   .0317218    31.03   0.000     .9222628     1.046
> 61
          x1 |   1.007879   .0283981    35.49   0.000     .9522195    1.0635
> 38
       _cons |   .9879744    .035812    27.59   0.000     .9177842    1.0581
> 65
----------------------------------------------------------------------------
> --
Endogenous: x2_e1
Exogenous:  x1 x2_e2

. ivregress 2sls y x1 (x2_e2 = x2_e1)

Instrumental-variables 2SLS regression            Number of obs   =      1,0
> 00
                                                  Wald chi2(2)    =    6892.
> 69
                                                  Prob > chi2     =     0.00
> 00
                                                  R-squared       =     0.86
> 68
                                                  Root MSE        =     1.42
> 87

----------------------------------------------------------------------------
> --
           y | Coefficient  Std. err.      z    P>|z|     [95% conf. interva
> l]
-------------+--------------------------------------------------------------
> --
       x2_e2 |   .9887425   .0344988    28.66   0.000     .9211261    1.0563
> 59
          x1 |   1.004186   .0328348    30.58   0.000     .9398309    1.0685
> 41
       _cons |    .928635   .0452063    20.54   0.000     .8400322    1.0172
> 38
----------------------------------------------------------------------------
> --
Endogenous: x2_e2
Exogenous:  x1 x2_e1

. 
. *Here I set seed to 1000 so that the task can be replicated
. 
. *Monte Carlo again
. foreach i of numlist 50 1000 {
  2.         tempfile ivmc`i'
  3.         local j = 1
  4.         while `j' <= 1000 {
  5.                 quietly{
  6.                         preserve
  7.                         sample `i', count
  8.                         noisily di "." _continue
  9.                         
.                         *Regenerating errors
.                         replace e = invnorm(uniform())
 10.                         replace y = 1 + x1 + x2 + e
 11.                         replace x2_e1 = x2 + 0.5*invnorm(uniform())
 12.                         replace x2_e2 = x2 + invnorm(uniform())
 13.                         
.                         ivregress 2sls y x1 (x2_e1 = x2_e2)
 14.                         matrix b1 = e(b)
 15.                         ivregress 2sls y x1 (x2_e2 = x2_e1)
 16.                         matrix b2 = e(b)
 17.                         reg y x1 x2_e1 x2_e2
 18.                         matrix both = e(b)
 19.                         
.                         svmat b1, name(ols_smaller`i')
 20.                         svmat b2, name(ols_larger`i')
 21.                         svmat both, name(ols_both`i')
 22.                         collapse (mean) ols_smaller* ols_larger* ols_bo
> th*
 23.                         
.                         if `j' > 1 {
 24.                                 append using `ivmc`i''
 25.                         }
 26.                         save `ivmc`i'', replace
 27.                         
.                         restore
 28.                         
.                         local j = `j' + 1
 29.                  }
 30.         }
 31. }
............................................................................
> ..........................................................................
> ..........................................................................
> ..........................................................................
> ..........................................................................
> ..........................................................................
> ..........................................................................
> ..........................................................................
> ..........................................................................
> ..........................................................................
> ..........................................................................
> ..........................................................................
> ..........................................................................
> ..........................................................................
> ..........................................................................
> ..........................................................................
> ..........................................................................
> ..........................................................................
> ..........................................................................
> ..........................................................................
> ..........................................................................
> ..........................................................................
> ..........................................................................
> ..........................................................................
> ..........................................................................
> ..........................................................................
> ..........................................................................
. 
. use `ivmc50', clear

. append using `ivmc1000'

. set more on

. sum

    Variable |        Obs        Mean    Std. dev.       Min        Max
-------------+---------------------------------------------------------
ols_smal~501 |      1,000    1.003505     .140673   .5608945   1.438478
ols_smal~502 |      1,000    1.000415    .1255705   .5914925   1.530978
ols_smal~503 |      1,000    1.001943    .1602667   .4961899   1.518047
ols_larg~501 |      1,000    1.013801    .1671523   .5869411   2.039207
ols_larg~502 |      1,000    .9907009     .158112   .1312608   1.456508
-------------+---------------------------------------------------------
ols_larg~503 |      1,000    .9913079    .2057571   .3419469   1.582143
 ols_both501 |      1,000     1.06518    .1068256    .751203   1.485966
 ols_both502 |      1,000    .7295565    .1720018   .1502006   1.253331
 ols_both503 |      1,000    .1790703    .1473727  -.3166471   .7272977
 ols_both504 |      1,000    .9971216    .1556308   .5207168   1.427927
-------------+---------------------------------------------------------
ols_sm~10001 |      1,000    .9998836    .0312872   .8992423   1.103274
ols_sm~10002 |      1,000    .9999897    .0280686   .9086917   1.102544
ols_sm~10003 |      1,000    1.000449    .0358313   .8767764   1.117307
ols_la~10001 |      1,000    1.000408    .0343992   .9018177     1.1013
ols_la~10002 |      1,000    .9987827    .0327242   .8684291   1.115527
-------------+---------------------------------------------------------
ols_la~10003 |      1,000    .9995889    .0430629   .8420268   1.148104
ols_bo~10001 |      1,000    1.064393    .0235272    .976638   1.156683
ols_bo~10002 |      1,000    .7275258    .0362868   .6172135   .8304943
ols_bo~10003 |      1,000    .1803366    .0313663   .0629024   .2968452
ols_bo~10004 |      1,000    .9972179    .0341708   .8749891    1.10471

. 
. twoway (kdensity ols_smaller501 , xline(1)) (kdensity ols_smaller10001)

. graph export iv_proxy_small.png, replace
(file iv_proxy_small.png not found)
file iv_proxy_small.png saved as PNG format

. twoway (kdensity ols_larger501 , xline(1)) (kdensity ols_larger10001)

. graph export iv_proxy_large.png, replace
(file iv_proxy_large.png not found)
file iv_proxy_large.png saved as PNG format

. twoway (kdensity ols_both501 , xline(1)) (kdensity ols_both10001)

. graph export iv_proxy_both.png, replace
(file iv_proxy_both.png not found)
file iv_proxy_both.png saved as PNG format

. *If we use both proxies bias is not solved
. 
. *As we can see, the standard errors of the estimated coefficients are much
>  smaller in the large sample than in the small sample. Moreover, the IV es
> timator removes the bias present in the OLS estimator caused by measuremen
> t error. Finally, when the instrument has larger measurement error, the IV
>  estimator has a larger standard deviation, indicating lower precision.
. 
. *Running IV regressions "without instruments"
. clear all

. 
. *Here I set seed to 1000 so that the task can be replicated
. set seed 1000

. 
. set obs 3000
Number of observations (_N) was 0, now 3,000.

. 
. gen x1 = invnorm(uniform())

. 
. foreach i of numlist 100 3000 {
  2.         tempfile  arthurmc`i'
  3.         local j = 1
  4.         while `j' <= 1000 {
  5.                 quietly {
  6.                         
.                         preserve
  7.                         sample `i', count
  8.                         noisily di "." _continue
  9.         
.                         gen u = invnorm(uniform())
 10.                         gen s1 = invnorm(uniform())
 11.                         gen s2 = invnorm(uniform())
 12. 
.                         *Heterocedasticity errors
.                         gen e1 = u + exp(x1)*s1
 13.                         gen e2 = u + exp(-x1)*s2
 14. 
.                         *Triangular model
.                         gen y2 = 1 + x1 + e2
 15.                         gen y1 = 1 + y2 + x1 + e1
 16. 
.                         *First stage regression
.                         /*
>                         x1 can be used as Z because satisfies both assumpt
> ions
>                         - Relevance cov(x1,y2) != 0
>                         - Exogeneity con(x1, u) = 0
>                         */
.                         reg y2 x1
 17.                         predict e2hat, resid
 18. 
.                         *Create the Lewbel instrument
.                         sum x1
 19.                         gen z = (x1 - r(mean))*e2hat
 20. 
.                         *Run IV
.                         ivregress 2sls y1 x1 (y2 = z)
 21.                         matrix b1 = e(b)
 22.                         
.                         reg y1 x1 y2 
 23.                         matrix b2 = e(b)
 24.                         
.                         svmat b1, name(ols_consistent`i')
 25.                         svmat b2, name(ols_inconsistent`i')
 26.                         
.                         collapse (mean) ols_consistent* ols_inconsistent*
 27.                         
.                         if `j' > 1 {
 28.                                 append using `arthurmc`i''
 29.                         }
 30.                         
.                         save `arthurmc`i'', replace
 31.                         restore
 32.                         
.                         local j = `j' + 1
 33.                 }
 34.         }       
 35. }
............................................................................
> ..........................................................................
> ..........................................................................
> ..........................................................................
> ..........................................................................
> ..........................................................................
> ..........................................................................
> ..........................................................................
> ..........................................................................
> ..........................................................................
> ..........................................................................
> ..........................................................................
> ..........................................................................
> ..........................................................................
> ..........................................................................
> ..........................................................................
> ..........................................................................
> ..........................................................................
> ..........................................................................
> ..........................................................................
> ..........................................................................
> ..........................................................................
> ..........................................................................
> ..........................................................................
> ..........................................................................
> ..........................................................................
> ..........................................................................
. 
. use `arthurmc100', clear

. append using `arthurmc3000'

. set more on

. sum

    Variable |        Obs        Mean    Std. dev.       Min        Max
-------------+---------------------------------------------------------
ols_con~1001 |      1,000    .9975095    .1161646   .2125572   1.723845
ols_con~1002 |      1,000    .9803581    .5602553  -2.045921   3.645393
ols_con~1003 |      1,000     1.00151    .3090811   .0628392   2.174907
ols_inc~1001 |      1,000    .8238633    .5684063  -2.062448   3.602927
ols_inc~1002 |      1,000    1.153399    .0960963   .8690343   1.643038
-------------+---------------------------------------------------------
ols_inc~1003 |      1,000    .8444752    .2919353   -.167434    2.13557
ols_co~30001 |      1,000    1.000713    .0115047    .962824   1.036313
ols_co~30002 |      1,000    .9992295    .1056426   .7103248   1.325236
ols_co~30003 |      1,000    .9989562    .0539276    .825579   1.166144
ols_in~30001 |      1,000    .8766959    .1051667   .5448965   1.190884
-------------+---------------------------------------------------------
ols_in~30002 |      1,000    1.123445    .0148637   1.079035   1.185617
ols_in~30003 |      1,000     .875983    .0531111   .7105609   1.013794

. 
. twoway (kdensity ols_consistent1001, xline(1)) (kdensity ols_inconsistent1
> 001)

. graph export arthur100.png, replace
(file arthur100.png not found)
file arthur100.png saved as PNG format

. 
. twoway (kdensity ols_consistent30001, xline(1)) (kdensity ols_inconsistent
> 30001) 

. graph export arthur3000.png, replace
(file arthur3000.png not found)
file arthur3000.png saved as PNG format

. 
. 
. /*
> The IV estimator using the Lewbel instrument is centered around the true p
> arameter β = 1,
> showing that the estimator is consistent. The OLS estimator is biased beca
> use y2 is
> endogenous and correlated with the error term. As the sample size increase
> s, the IV
> distribution becomes more concentrated around the true value, confirming c
> onsistency.
> */
. 
. 
. log close
      name:  <unnamed>
       log:  C:\Users\demet\Desktop\assignment2.log
  log type:  text
 closed on:  10 Mar 2026, 17:26:15
----------------------------------------------------------------------------
